  [1m[35m (0.1ms)[0m  [1m[34mSELECT pg_try_advisory_lock(6768799188830319690)[0m
  [1m[36mActiveRecord::SchemaMigration Pluck (0.5ms)[0m  [1m[34mSELECT "schema_migrations"."version" FROM "schema_migrations" ORDER BY "schema_migrations"."version" ASC[0m
Migrating to CreateUsers (20220119225245)
  [1m[36mTRANSACTION (0.2ms)[0m  [1m[35mBEGIN[0m
  [1m[35m (1.8ms)[0m  [1m[35mCREATE TABLE "users" ("id" bigserial primary key, "email" character varying, "password_digest" character varying, "created_at" timestamp(6) NOT NULL, "updated_at" timestamp(6) NOT NULL)[0m
  [1m[36mTRANSACTION (0.2ms)[0m  [1m[31mROLLBACK[0m
  [1m[35m (0.3ms)[0m  [1m[34mSELECT pg_advisory_unlock(6768799188830319690)[0m
  [1m[35m (0.4ms)[0m  [1m[35mCREATE DATABASE "techBook_app_development" ENCODING = 'unicode'[0m
  [1m[35m (0.3ms)[0m  [1m[35mCREATE DATABASE "techBook_app_test" ENCODING = 'unicode'[0m
  [1m[36mActiveRecord::SchemaMigration Pluck (0.7ms)[0m  [1m[34mSELECT "schema_migrations"."version" FROM "schema_migrations" ORDER BY "schema_migrations"."version" ASC[0m
  [1m[36mActiveRecord::InternalMetadata Pluck (0.4ms)[0m  [1m[34mSELECT "ar_internal_metadata"."value" FROM "ar_internal_metadata" WHERE "ar_internal_metadata"."key" = $1 LIMIT $2[0m  [["key", "environment"], ["LIMIT", 1]]
  [1m[36mActiveRecord::SchemaMigration Pluck (0.3ms)[0m  [1m[34mSELECT "schema_migrations"."version" FROM "schema_migrations" ORDER BY "schema_migrations"."version" ASC[0m
  [1m[36mActiveRecord::InternalMetadata Pluck (0.2ms)[0m  [1m[34mSELECT "ar_internal_metadata"."value" FROM "ar_internal_metadata" WHERE "ar_internal_metadata"."key" = $1 LIMIT $2[0m  [["key", "environment"], ["LIMIT", 1]]
  [1m[36mActiveRecord::SchemaMigration Pluck (0.2ms)[0m  [1m[34mSELECT "schema_migrations"."version" FROM "schema_migrations" ORDER BY "schema_migrations"."version" ASC[0m
  [1m[36mActiveRecord::InternalMetadata Pluck (0.2ms)[0m  [1m[34mSELECT "ar_internal_metadata"."value" FROM "ar_internal_metadata" WHERE "ar_internal_metadata"."key" = $1 LIMIT $2[0m  [["key", "environment"], ["LIMIT", 1]]
  [1m[35m (0.2ms)[0m  [1m[34mSELECT pg_try_advisory_lock(6768799188830319690)[0m
  [1m[36mActiveRecord::SchemaMigration Pluck (0.6ms)[0m  [1m[34mSELECT "schema_migrations"."version" FROM "schema_migrations" ORDER BY "schema_migrations"."version" ASC[0m
Migrating to CreateUsers (20220119225245)
  [1m[36mTRANSACTION (0.2ms)[0m  [1m[35mBEGIN[0m
  [1m[35m (1.7ms)[0m  [1m[35mCREATE TABLE "users" ("id" bigserial primary key, "email" character varying, "password_digest" character varying, "created_at" timestamp(6) NOT NULL, "updated_at" timestamp(6) NOT NULL)[0m
  [1m[36mTRANSACTION (0.2ms)[0m  [1m[31mROLLBACK[0m
  [1m[35m (0.3ms)[0m  [1m[34mSELECT pg_advisory_unlock(6768799188830319690)[0m
  [1m[35m (0.5ms)[0m  [1m[35mCREATE DATABASE "techBook_app_development" ENCODING = 'unicode'[0m
  [1m[35m (0.3ms)[0m  [1m[35mCREATE DATABASE "techBook_app_test" ENCODING = 'unicode'[0m
  [1m[35m (0.5ms)[0m  [1m[34mSELECT pg_try_advisory_lock(6768799188830319690)[0m
  [1m[36mActiveRecord::SchemaMigration Pluck (0.7ms)[0m  [1m[34mSELECT "schema_migrations"."version" FROM "schema_migrations" ORDER BY "schema_migrations"."version" ASC[0m
Migrating to CreateUsers (20220119225245)
  [1m[36mTRANSACTION (0.2ms)[0m  [1m[35mBEGIN[0m
  [1m[35m (1.7ms)[0m  [1m[35mCREATE TABLE "users" ("id" bigserial primary key, "email" character varying, "password_digest" character varying, "created_at" timestamp(6) NOT NULL, "updated_at" timestamp(6) NOT NULL)[0m
  [1m[36mTRANSACTION (0.1ms)[0m  [1m[31mROLLBACK[0m
  [1m[35m (0.2ms)[0m  [1m[34mSELECT pg_advisory_unlock(6768799188830319690)[0m
  [1m[35m (0.4ms)[0m  [1m[35mCREATE DATABASE "techBook_app_development" ENCODING = 'unicode'[0m
  [1m[35m (0.4ms)[0m  [1m[35mCREATE DATABASE "techBook_app_test" ENCODING = 'unicode'[0m
  [1m[36mActiveRecord::SchemaMigration Pluck (0.5ms)[0m  [1m[34mSELECT "schema_migrations"."version" FROM "schema_migrations" ORDER BY "schema_migrations"."version" ASC[0m
  [1m[36mActiveRecord::InternalMetadata Pluck (0.4ms)[0m  [1m[34mSELECT "ar_internal_metadata"."value" FROM "ar_internal_metadata" WHERE "ar_internal_metadata"."key" = $1 LIMIT $2[0m  [["key", "environment"], ["LIMIT", 1]]
  [1m[36mActiveRecord::SchemaMigration Pluck (0.2ms)[0m  [1m[34mSELECT "schema_migrations"."version" FROM "schema_migrations" ORDER BY "schema_migrations"."version" ASC[0m
  [1m[36mActiveRecord::InternalMetadata Pluck (0.2ms)[0m  [1m[34mSELECT "ar_internal_metadata"."value" FROM "ar_internal_metadata" WHERE "ar_internal_metadata"."key" = $1 LIMIT $2[0m  [["key", "environment"], ["LIMIT", 1]]
  [1m[36mActiveRecord::SchemaMigration Pluck (0.2ms)[0m  [1m[34mSELECT "schema_migrations"."version" FROM "schema_migrations" ORDER BY "schema_migrations"."version" ASC[0m
  [1m[36mActiveRecord::InternalMetadata Pluck (0.2ms)[0m  [1m[34mSELECT "ar_internal_metadata"."value" FROM "ar_internal_metadata" WHERE "ar_internal_metadata"."key" = $1 LIMIT $2[0m  [["key", "environment"], ["LIMIT", 1]]
  [1m[35m (431.2ms)[0m  [1m[35mCREATE DATABASE "quiz_data_development" ENCODING = 'unicode'[0m
  [1m[35m (287.6ms)[0m  [1m[35mCREATE DATABASE "quiz_data_test" ENCODING = 'unicode'[0m
  [1m[35m (0.5ms)[0m  [1m[35mCREATE DATABASE "quiz_data_development" ENCODING = 'unicode'[0m
  [1m[35m (0.3ms)[0m  [1m[35mCREATE DATABASE "quiz_data_test" ENCODING = 'unicode'[0m
  [1m[35m (16.9ms)[0m  [1m[35mCREATE TABLE "schema_migrations" ("version" character varying NOT NULL PRIMARY KEY)[0m
  [1m[35m (11.6ms)[0m  [1m[35mCREATE TABLE "ar_internal_metadata" ("key" character varying NOT NULL PRIMARY KEY, "value" character varying, "created_at" timestamp(6) NOT NULL, "updated_at" timestamp(6) NOT NULL)[0m
  [1m[35m (0.1ms)[0m  [1m[34mSELECT pg_try_advisory_lock(1214560633986876120)[0m
  [1m[36mActiveRecord::SchemaMigration Pluck (0.5ms)[0m  [1m[34mSELECT "schema_migrations"."version" FROM "schema_migrations" ORDER BY "schema_migrations"."version" ASC[0m
Migrating to CreateUsers (20220119225245)
  [1m[36mTRANSACTION (0.5ms)[0m  [1m[35mBEGIN[0m
  [1m[35m (18.2ms)[0m  [1m[35mCREATE TABLE "users" ("id" bigserial primary key, "email" character varying, "password_digest" character varying, "created_at" timestamp(6) NOT NULL, "updated_at" timestamp(6) NOT NULL)[0m
  [1m[36mActiveRecord::SchemaMigration Create (0.5ms)[0m  [1m[32mINSERT INTO "schema_migrations" ("version") VALUES ($1) RETURNING "version"[0m  [["version", "20220119225245"]]
  [1m[36mTRANSACTION (6.0ms)[0m  [1m[35mCOMMIT[0m
  [1m[36mActiveRecord::InternalMetadata Load (0.4ms)[0m  [1m[34mSELECT "ar_internal_metadata".* FROM "ar_internal_metadata" WHERE "ar_internal_metadata"."key" = $1 LIMIT $2[0m  [["key", "environment"], ["LIMIT", 1]]
  [1m[36mTRANSACTION (0.1ms)[0m  [1m[35mBEGIN[0m
  [1m[36mActiveRecord::InternalMetadata Create (0.5ms)[0m  [1m[32mINSERT INTO "ar_internal_metadata" ("key", "value", "created_at", "updated_at") VALUES ($1, $2, $3, $4) RETURNING "key"[0m  [["key", "environment"], ["value", "development"], ["created_at", "2022-01-19 23:11:07.342870"], ["updated_at", "2022-01-19 23:11:07.342870"]]
  [1m[36mTRANSACTION (1.7ms)[0m  [1m[35mCOMMIT[0m
  [1m[35m (0.3ms)[0m  [1m[34mSELECT pg_advisory_unlock(1214560633986876120)[0m
  [1m[36mActiveRecord::SchemaMigration Pluck (0.8ms)[0m  [1m[34mSELECT "schema_migrations"."version" FROM "schema_migrations" ORDER BY "schema_migrations"."version" ASC[0m
  [1m[35m (0.3ms)[0m  [1m[35mCREATE DATABASE "quiz_data_development" ENCODING = 'unicode'[0m
  [1m[35m (0.3ms)[0m  [1m[35mCREATE DATABASE "quiz_data_test" ENCODING = 'unicode'[0m
  [1m[35m (0.2ms)[0m  [1m[34mSELECT pg_try_advisory_lock(1214560633986876120)[0m
  [1m[36mActiveRecord::SchemaMigration Pluck (0.5ms)[0m  [1m[34mSELECT "schema_migrations"."version" FROM "schema_migrations" ORDER BY "schema_migrations"."version" ASC[0m
Migrating to CreateQuizData (20220120002901)
  [1m[36mTRANSACTION (0.2ms)[0m  [1m[35mBEGIN[0m
  [1m[35m (21.1ms)[0m  [1m[35mCREATE TABLE "quiz_data" ("id" bigserial primary key, "founder_name" character varying, "email" character varying, "country" character varying, "gender" character varying, "race_of_founder" character varying, "text_box" text, "conscious_beauty_credentials" character varying, "user_id" bigint NOT NULL, "created_at" timestamp(6) NOT NULL, "updated_at" timestamp(6) NOT NULL, CONSTRAINT "fk_rails_8774c994c6"
FOREIGN KEY ("user_id")
  REFERENCES "users" ("id")
)[0m
  [1m[35m (4.1ms)[0m  [1m[35mCREATE INDEX "index_quiz_data_on_user_id" ON "quiz_data" ("user_id")[0m
  [1m[36mActiveRecord::SchemaMigration Create (0.3ms)[0m  [1m[32mINSERT INTO "schema_migrations" ("version") VALUES ($1) RETURNING "version"[0m  [["version", "20220120002901"]]
  [1m[36mTRANSACTION (2.4ms)[0m  [1m[35mCOMMIT[0m
  [1m[36mActiveRecord::InternalMetadata Load (0.3ms)[0m  [1m[34mSELECT "ar_internal_metadata".* FROM "ar_internal_metadata" WHERE "ar_internal_metadata"."key" = $1 LIMIT $2[0m  [["key", "environment"], ["LIMIT", 1]]
  [1m[35m (0.3ms)[0m  [1m[34mSELECT pg_advisory_unlock(1214560633986876120)[0m
  [1m[36mActiveRecord::SchemaMigration Pluck (0.5ms)[0m  [1m[34mSELECT "schema_migrations"."version" FROM "schema_migrations" ORDER BY "schema_migrations"."version" ASC[0m
  [1m[36mActiveRecord::SchemaMigration Pluck (1.3ms)[0m  [1m[34mSELECT "schema_migrations"."version" FROM "schema_migrations" ORDER BY "schema_migrations"."version" ASC[0m
  [1m[36mTRANSACTION (0.2ms)[0m  [1m[35mBEGIN[0m
  [1m[36mUser Create (3.2ms)[0m  [1m[32mINSERT INTO "users" ("email", "password_digest", "created_at", "updated_at") VALUES ($1, $2, $3, $4) RETURNING "id"[0m  [["email", "eric@gmail.com"], ["password_digest", "$2a$12$BTmX1mqY.SGfOOS.TBjiKOOmP2d93Y7UtSQipEeVu4ynCKVDHjxta"], ["created_at", "2022-01-20 18:12:06.379150"], ["updated_at", "2022-01-20 18:12:06.379150"]]
  [1m[36mTRANSACTION (1.7ms)[0m  [1m[35mCOMMIT[0m
  [1m[36mTRANSACTION (0.2ms)[0m  [1m[35mBEGIN[0m
  [1m[36mUser Load (0.2ms)[0m  [1m[34mSELECT "users".* FROM "users" WHERE "users"."id" = $1 LIMIT $2[0m  [["id", 1], ["LIMIT", 1]]
  [1m[36mQuizDatum Create (1.6ms)[0m  [1m[32mINSERT INTO "quiz_data" ("founder_name", "email", "country", "gender", "race_of_founder", "text_box", "conscious_beauty_credentials", "user_id", "created_at", "updated_at") VALUES ($1, $2, $3, $4, $5, $6, $7, $8, $9, $10) RETURNING "id"[0m  [["founder_name", "Oluwatoyin"], ["email", "toyin@gmail.com"], ["country", "nigeria"], ["gender", "female"], ["race_of_founder", "black"], ["text_box", "other credentials include vegan, etc"], ["conscious_beauty_credentials", "sulphate_free"], ["user_id", 1], ["created_at", "2022-01-20 18:12:06.422876"], ["updated_at", "2022-01-20 18:12:06.422876"]]
  [1m[36mTRANSACTION (1.6ms)[0m  [1m[35mCOMMIT[0m
Started GET "/" for ::1 at 2022-01-20 19:37:38 +0100
  [1m[36mActiveRecord::SchemaMigration Pluck (0.8ms)[0m  [1m[34mSELECT "schema_migrations"."version" FROM "schema_migrations" ORDER BY "schema_migrations"."version" ASC[0m
Processing by Rails::WelcomeController#index as HTML
  Rendering /home/eric/.rbenv/versions/3.0.0/lib/ruby/gems/3.0.0/gems/railties-7.0.1/lib/rails/templates/rails/welcome/index.html.erb
  Rendered /home/eric/.rbenv/versions/3.0.0/lib/ruby/gems/3.0.0/gems/railties-7.0.1/lib/rails/templates/rails/welcome/index.html.erb (Duration: 2.7ms | Allocations: 718)
Completed 200 OK in 21ms (Views: 8.2ms | ActiveRecord: 0.0ms | Allocations: 6804)


Started POST "/api/v1/users" for ::1 at 2022-01-20 19:42:48 +0100
Processing by UsersController#create as */*
  Parameters: {"email"=>"eric@gmail.com", "password"=>"[FILTERED]", "user"=>{"email"=>"eric@gmail.com"}}
[31mUnpermitted parameter: :user. Context: { controller: UsersController, action: create, request: #<ActionDispatch::Request:0x00007ff978027e38>, params: {"email"=>"eric@gmail.com", "password"=>"[FILTERED]", "controller"=>"users", "action"=>"create", "user"=>{"email"=>"eric@gmail.com"}} }[0m
  [1m[36mTRANSACTION (0.1ms)[0m  [1m[35mBEGIN[0m
  ↳ app/controllers/users_controller.rb:4:in `create'
  [1m[36mUser Create (0.6ms)[0m  [1m[32mINSERT INTO "users" ("email", "password_digest", "created_at", "updated_at") VALUES ($1, $2, $3, $4) RETURNING "id"[0m  [["email", "eric@gmail.com"], ["password_digest", "$2a$12$p4lRUNtCnDMVnGIdi03l9euBwQKyx7LmEu7yQNqaQTOqORAe8qY.G"], ["created_at", "2022-01-20 18:42:48.977332"], ["updated_at", "2022-01-20 18:42:48.977332"]]
  ↳ app/controllers/users_controller.rb:4:in `create'
  [1m[36mTRANSACTION (3.4ms)[0m  [1m[35mCOMMIT[0m
  ↳ app/controllers/users_controller.rb:4:in `create'
Completed 201 Created in 325ms (Views: 0.4ms | ActiveRecord: 10.3ms | Allocations: 6606)


Started POST "/api/v1/signins" for ::1 at 2022-01-20 19:46:09 +0100
Processing by SigninsController#create as */*
  Parameters: {"email"=>"eric@gmail.com", "password"=>"[FILTERED]", "signin"=>{"email"=>"eric@gmail.com", "password"=>"[FILTERED]"}}
  [1m[36mUser Load (0.4ms)[0m  [1m[34mSELECT "users".* FROM "users" WHERE "users"."email" = $1 LIMIT $2[0m  [["email", "eric@gmail.com"], ["LIMIT", 1]]
  ↳ app/controllers/signins_controller.rb:3:in `create'
Completed 200 OK in 315ms (Views: 0.2ms | ActiveRecord: 0.6ms | Allocations: 1654)


Started POST "/api/v1/quiz-data" for ::1 at 2022-01-20 19:52:03 +0100
  
ActionController::RoutingError (No route matches [POST] "/api/v1/quiz-data"):
  
Error occurred while parsing request parameters.
Contents:

{
  "founder_name": "oluwatoyin"
  "email": "eric@gmail.com",
  "country": "nigeria",
  "gender": "female",
  "race_of_founder": "black",
  "text_box": "other credentials not included",
  "conscious_beauty_credential": "vegan, sulphate_free",
  "user_id": 1
}
Started POST "/api/v1/quiz-data" for ::1 at 2022-01-20 19:52:39 +0100
  
ActionController::RoutingError (No route matches [POST] "/api/v1/quiz-data"):
  
Started POST "/api/v1/quiz_data" for ::1 at 2022-01-20 19:53:19 +0100
Processing by QuizDataController#create as */*
  Parameters: {"founder_name"=>"oluwatoyin", "email"=>"eric@gmail.com", "country"=>"nigeria", "gender"=>"female", "race_of_founder"=>"black", "text_box"=>"other credentials not included", "conscious_beauty_credential"=>"vegan, sulphate_free", "user_id"=>1, "quiz_datum"=>{"founder_name"=>"oluwatoyin", "email"=>"eric@gmail.com", "country"=>"nigeria", "gender"=>"female", "race_of_founder"=>"black", "text_box"=>"other credentials not included", "user_id"=>1}}
  [1m[36mUser Load (0.4ms)[0m  [1m[34mSELECT "users".* FROM "users" WHERE "users"."id" = $1 LIMIT $2[0m  [["id", 2], ["LIMIT", 1]]
  ↳ app/controllers/application_controller.rb:28:in `current_user'
  [1m[36mCACHE User Load (0.0ms)[0m  [1m[34mSELECT "users".* FROM "users" WHERE "users"."id" = $1 LIMIT $2[0m  [["id", 2], ["LIMIT", 1]]
  ↳ app/controllers/application_controller.rb:28:in `current_user'
[31mUnpermitted parameters: :conscious_beauty_credential, :quiz_datum. Context: { controller: QuizDataController, action: create, request: #<ActionDispatch::Request:0x0000558162f8a6e0>, params: {"founder_name"=>"oluwatoyin", "email"=>"eric@gmail.com", "country"=>"nigeria", "gender"=>"female", "race_of_founder"=>"black", "text_box"=>"other credentials not included", "conscious_beauty_credential"=>"vegan, sulphate_free", "user_id"=>1, "controller"=>"quiz_data", "action"=>"create", "quiz_datum"=>{"founder_name"=>"oluwatoyin", "email"=>"eric@gmail.com", "country"=>"nigeria", "gender"=>"female", "race_of_founder"=>"black", "text_box"=>"other credentials not included", "user_id"=>1}} }[0m
Completed 422 Unprocessable Entity in 322ms (Views: 294.7ms | ActiveRecord: 15.7ms | Allocations: 349448)


Started POST "/api/v1/quiz_data" for ::1 at 2022-01-20 19:53:54 +0100
Processing by QuizDataController#create as */*
  Parameters: {"founder_name"=>"oluwatoyin", "email"=>"eric@gmail.com", "country"=>"nigeria", "gender"=>"female", "race_of_founder"=>"black", "text_box"=>"other credentials not included", "conscious_beauty_credential"=>"vegan", "user_id"=>1, "quiz_datum"=>{"founder_name"=>"oluwatoyin", "email"=>"eric@gmail.com", "country"=>"nigeria", "gender"=>"female", "race_of_founder"=>"black", "text_box"=>"other credentials not included", "user_id"=>1}}
  [1m[36mUser Load (0.4ms)[0m  [1m[34mSELECT "users".* FROM "users" WHERE "users"."id" = $1 LIMIT $2[0m  [["id", 2], ["LIMIT", 1]]
  ↳ app/controllers/application_controller.rb:28:in `current_user'
  [1m[36mCACHE User Load (0.0ms)[0m  [1m[34mSELECT "users".* FROM "users" WHERE "users"."id" = $1 LIMIT $2[0m  [["id", 2], ["LIMIT", 1]]
  ↳ app/controllers/application_controller.rb:28:in `current_user'
[31mUnpermitted parameters: :conscious_beauty_credential, :quiz_datum. Context: { controller: QuizDataController, action: create, request: #<ActionDispatch::Request:0x00007ff9781263c0>, params: {"founder_name"=>"oluwatoyin", "email"=>"eric@gmail.com", "country"=>"nigeria", "gender"=>"female", "race_of_founder"=>"black", "text_box"=>"other credentials not included", "conscious_beauty_credential"=>"vegan", "user_id"=>1, "controller"=>"quiz_data", "action"=>"create", "quiz_datum"=>{"founder_name"=>"oluwatoyin", "email"=>"eric@gmail.com", "country"=>"nigeria", "gender"=>"female", "race_of_founder"=>"black", "text_box"=>"other credentials not included", "user_id"=>1}} }[0m
Completed 422 Unprocessable Entity in 11ms (Views: 0.9ms | ActiveRecord: 0.4ms | Allocations: 2195)


Started POST "/api/v1/quiz_data" for ::1 at 2022-01-20 19:54:54 +0100
Processing by QuizDataController#create as */*
  Parameters: {"founder_name"=>"oluwatoyin", "email"=>"eric@gmail.com", "country"=>"nigeria", "gender"=>"female", "race_of_founder"=>"black", "text_box"=>"other credentials not included", "conscious_beauty_credentials"=>"vegan", "user_id"=>1, "quiz_datum"=>{"founder_name"=>"oluwatoyin", "email"=>"eric@gmail.com", "country"=>"nigeria", "gender"=>"female", "race_of_founder"=>"black", "text_box"=>"other credentials not included", "conscious_beauty_credentials"=>"vegan", "user_id"=>1}}
  [1m[36mUser Load (0.4ms)[0m  [1m[34mSELECT "users".* FROM "users" WHERE "users"."id" = $1 LIMIT $2[0m  [["id", 2], ["LIMIT", 1]]
  ↳ app/controllers/application_controller.rb:28:in `current_user'
  [1m[36mCACHE User Load (0.0ms)[0m  [1m[34mSELECT "users".* FROM "users" WHERE "users"."id" = $1 LIMIT $2[0m  [["id", 2], ["LIMIT", 1]]
  ↳ app/controllers/application_controller.rb:28:in `current_user'
[31mUnpermitted parameter: :quiz_datum. Context: { controller: QuizDataController, action: create, request: #<ActionDispatch::Request:0x00007ff9740dfa28>, params: {"founder_name"=>"oluwatoyin", "email"=>"eric@gmail.com", "country"=>"nigeria", "gender"=>"female", "race_of_founder"=>"black", "text_box"=>"other credentials not included", "conscious_beauty_credentials"=>"vegan", "user_id"=>1, "controller"=>"quiz_data", "action"=>"create", "quiz_datum"=>{"founder_name"=>"oluwatoyin", "email"=>"eric@gmail.com", "country"=>"nigeria", "gender"=>"female", "race_of_founder"=>"black", "text_box"=>"other credentials not included", "conscious_beauty_credentials"=>"vegan", "user_id"=>1}} }[0m
  [1m[36mTRANSACTION (0.2ms)[0m  [1m[35mBEGIN[0m
  ↳ app/controllers/quiz_data_controller.rb:18:in `create'
  [1m[36mQuizDatum Create (1.3ms)[0m  [1m[32mINSERT INTO "quiz_data" ("founder_name", "email", "country", "gender", "race_of_founder", "text_box", "conscious_beauty_credentials", "user_id", "created_at", "updated_at") VALUES ($1, $2, $3, $4, $5, $6, $7, $8, $9, $10) RETURNING "id"[0m  [["founder_name", "oluwatoyin"], ["email", "eric@gmail.com"], ["country", "nigeria"], ["gender", "female"], ["race_of_founder", "black"], ["text_box", "other credentials not included"], ["conscious_beauty_credentials", "vegan"], ["user_id", 2], ["created_at", "2022-01-20 18:54:54.406060"], ["updated_at", "2022-01-20 18:54:54.406060"]]
  ↳ app/controllers/quiz_data_controller.rb:18:in `create'
  [1m[36mTRANSACTION (7.9ms)[0m  [1m[35mCOMMIT[0m
  ↳ app/controllers/quiz_data_controller.rb:18:in `create'
Completed 201 Created in 25ms (Views: 0.5ms | ActiveRecord: 9.7ms | Allocations: 3697)


Started POST "/api/v1/quiz_data" for ::1 at 2022-01-20 19:55:09 +0100
Processing by QuizDataController#create as */*
  Parameters: {"founder_name"=>"oluwatoyin", "email"=>"eric@gmail.com", "country"=>"nigeria", "gender"=>"female", "race_of_founder"=>"black", "text_box"=>"other credentials not included", "conscious_beauty_credentials"=>"vegan, sulphate_free", "user_id"=>1, "quiz_datum"=>{"founder_name"=>"oluwatoyin", "email"=>"eric@gmail.com", "country"=>"nigeria", "gender"=>"female", "race_of_founder"=>"black", "text_box"=>"other credentials not included", "conscious_beauty_credentials"=>"vegan, sulphate_free", "user_id"=>1}}
  [1m[36mUser Load (0.4ms)[0m  [1m[34mSELECT "users".* FROM "users" WHERE "users"."id" = $1 LIMIT $2[0m  [["id", 2], ["LIMIT", 1]]
  ↳ app/controllers/application_controller.rb:28:in `current_user'
  [1m[36mCACHE User Load (0.0ms)[0m  [1m[34mSELECT "users".* FROM "users" WHERE "users"."id" = $1 LIMIT $2[0m  [["id", 2], ["LIMIT", 1]]
  ↳ app/controllers/application_controller.rb:28:in `current_user'
[31mUnpermitted parameter: :quiz_datum. Context: { controller: QuizDataController, action: create, request: #<ActionDispatch::Request:0x00007ff96801fdb0>, params: {"founder_name"=>"oluwatoyin", "email"=>"eric@gmail.com", "country"=>"nigeria", "gender"=>"female", "race_of_founder"=>"black", "text_box"=>"other credentials not included", "conscious_beauty_credentials"=>"vegan, sulphate_free", "user_id"=>1, "controller"=>"quiz_data", "action"=>"create", "quiz_datum"=>{"founder_name"=>"oluwatoyin", "email"=>"eric@gmail.com", "country"=>"nigeria", "gender"=>"female", "race_of_founder"=>"black", "text_box"=>"other credentials not included", "conscious_beauty_credentials"=>"vegan, sulphate_free", "user_id"=>1}} }[0m
  [1m[36mTRANSACTION (0.2ms)[0m  [1m[35mBEGIN[0m
  ↳ app/controllers/quiz_data_controller.rb:18:in `create'
  [1m[36mQuizDatum Create (2.7ms)[0m  [1m[32mINSERT INTO "quiz_data" ("founder_name", "email", "country", "gender", "race_of_founder", "text_box", "conscious_beauty_credentials", "user_id", "created_at", "updated_at") VALUES ($1, $2, $3, $4, $5, $6, $7, $8, $9, $10) RETURNING "id"[0m  [["founder_name", "oluwatoyin"], ["email", "eric@gmail.com"], ["country", "nigeria"], ["gender", "female"], ["race_of_founder", "black"], ["text_box", "other credentials not included"], ["conscious_beauty_credentials", "vegan, sulphate_free"], ["user_id", 2], ["created_at", "2022-01-20 18:55:09.867516"], ["updated_at", "2022-01-20 18:55:09.867516"]]
  ↳ app/controllers/quiz_data_controller.rb:18:in `create'
  [1m[36mTRANSACTION (3.1ms)[0m  [1m[35mCOMMIT[0m
  ↳ app/controllers/quiz_data_controller.rb:18:in `create'
Completed 201 Created in 20ms (Views: 0.7ms | ActiveRecord: 6.4ms | Allocations: 3623)


Started GET "/api/v1/quiz_data" for ::1 at 2022-01-20 19:56:12 +0100
Processing by QuizDataController#index as */*
Filter chain halted as :authorize rendered or redirected
Completed 401 Unauthorized in 1ms (Views: 0.2ms | ActiveRecord: 0.0ms | Allocations: 114)


Started GET "/api/v1/quiz_data" for ::1 at 2022-01-20 19:57:11 +0100
Processing by QuizDataController#index as */*
  [1m[36mUser Load (0.4ms)[0m  [1m[34mSELECT "users".* FROM "users" WHERE "users"."id" = $1 LIMIT $2[0m  [["id", 2], ["LIMIT", 1]]
  ↳ app/controllers/application_controller.rb:28:in `current_user'
  [1m[36mCACHE User Load (0.0ms)[0m  [1m[34mSELECT "users".* FROM "users" WHERE "users"."id" = $1 LIMIT $2[0m  [["id", 2], ["LIMIT", 1]]
  ↳ app/controllers/application_controller.rb:28:in `current_user'
  [1m[36mQuizDatum Load (0.5ms)[0m  [1m[34mSELECT "quiz_data".* FROM "quiz_data" WHERE "quiz_data"."user_id" = $1[0m  [["user_id", 2]]
  ↳ app/controllers/quiz_data_controller.rb:8:in `index'
Completed 200 OK in 11ms (Views: 5.3ms | ActiveRecord: 0.9ms | Allocations: 2584)


